Release 14.1 - ngc2edif P.15xf (nt64)
Copyright (c) 1995-2012 Xilinx, Inc.  All rights reserved.
Reading design Dummy_SPI.ngc ...
WARNING:NetListWriters:298 - No output is written to Dummy_SPI.xncf, ignored.
Processing design ...
   Preping design's networks ...
   Preping design's macros ...
  finished :Prep
Writing EDIF netlist file Dummy_SPI.edif ...
ngc2edif: Total memory usage is 94936 kilobytes

Release 14.1 - ngc2edif P.15xf (nt64)
Copyright (c) 1995-2012 Xilinx, Inc.  All rights reserved.
Reading design Dummy_SPI.ngc ...
WARNING:NetListWriters:298 - No output is written to Dummy_SPI.xncf, ignored.
Processing design ...
   Preping design's networks ...
   Preping design's macros ...
  finished :Prep
Writing EDIF netlist file Dummy_SPI.edif ...
ngc2edif: Total memory usage is 95640 kilobytes

